<?xml version="1.0" encoding="UTF-8"?>
<testsuite name="TD1.AppTest" tests="1" skipped="0" failures="0" errors="0" timestamp="2021-10-18T12:12:31" hostname="LAPTOP-LMTEQ0SM" time="0.01">
  <properties/>
  <testcase name="appHasAGreeting" classname="TD1.AppTest" time="0.01"/>
  <system-out><![CDATA[]]></system-out>
  <system-err><![CDATA[]]></system-err>
</testsuite>
